[10:15:45] [ServerMain/INFO]: Environment: authHost='https://authserver.mojang.com', accountsHost='https://api.mojang.com', sessionHost='https://sessionserver.mojang.com', servicesHost='https://api.minecraftservices.com', name='PROD'
[10:15:48] [ServerMain/WARN]: Ambiguity between arguments [teleport, location] and [teleport, destination] with inputs: [0.1 -0.5 .9, 0 0 0]
[10:15:48] [ServerMain/WARN]: Ambiguity between arguments [teleport, location] and [teleport, targets] with inputs: [0.1 -0.5 .9, 0 0 0]
[10:15:48] [ServerMain/WARN]: Ambiguity between arguments [teleport, destination] and [teleport, targets] with inputs: [Player, 0123, @e, dd12be42-52a9-4a91-a8a1-11c01849e498]
[10:15:48] [ServerMain/WARN]: Ambiguity between arguments [teleport, targets] and [teleport, destination] with inputs: [Player, 0123, dd12be42-52a9-4a91-a8a1-11c01849e498]
[10:15:48] [ServerMain/WARN]: Ambiguity between arguments [teleport, targets, location] and [teleport, targets, destination] with inputs: [0.1 -0.5 .9, 0 0 0]
[10:15:48] [Worker-Main-6/INFO]: Loaded 7 recipes
[10:15:49] [Worker-Main-6/INFO]: Loaded 1141 advancements
[10:15:50] [Server thread/INFO]: Starting minecraft server version 1.18.2
[10:15:50] [Server thread/INFO]: Loading properties
[10:15:50] [Server thread/INFO]: Default game type: SURVIVAL
[10:15:50] [Server thread/INFO]: Generating keypair
[10:15:51] [Server thread/INFO]: Starting Minecraft server on *:25565
[10:15:51] [Server thread/INFO]: Using epoll channel type
[10:15:51] [Server thread/INFO]: Preparing level "world"
[10:16:00] [Server thread/INFO]: Preparing start region for dimension minecraft:overworld
[10:16:01] [Worker-Main-5/INFO]: Preparing spawn area: 0%
[10:16:01] [Worker-Main-5/INFO]: Preparing spawn area: 0%
[10:16:01] [Worker-Main-5/INFO]: Preparing spawn area: 0%
[10:16:02] [Worker-Main-6/INFO]: Preparing spawn area: 0%
[10:16:02] [Worker-Main-5/INFO]: Preparing spawn area: 0%
[10:16:03] [Worker-Main-5/INFO]: Preparing spawn area: 0%
[10:16:03] [Worker-Main-5/INFO]: Preparing spawn area: 0%
[10:16:04] [Worker-Main-5/INFO]: Preparing spawn area: 1%
[10:16:04] [Worker-Main-6/INFO]: Preparing spawn area: 1%
[10:16:05] [Worker-Main-6/INFO]: Preparing spawn area: 2%
[10:16:05] [Worker-Main-6/INFO]: Preparing spawn area: 2%
[10:16:06] [Worker-Main-4/INFO]: Preparing spawn area: 2%
[10:16:06] [Worker-Main-6/INFO]: Preparing spawn area: 2%
[10:16:07] [Worker-Main-5/INFO]: Preparing spawn area: 3%
[10:16:07] [Worker-Main-5/INFO]: Preparing spawn area: 4%
[10:16:08] [Worker-Main-4/INFO]: Preparing spawn area: 5%
[10:16:08] [Worker-Main-5/INFO]: Preparing spawn area: 5%
[10:16:09] [Worker-Main-6/INFO]: Preparing spawn area: 6%
[10:16:09] [Worker-Main-6/INFO]: Preparing spawn area: 7%
[10:16:10] [Worker-Main-6/INFO]: Preparing spawn area: 8%
[10:16:10] [Worker-Main-5/INFO]: Preparing spawn area: 9%
[10:16:11] [Worker-Main-4/INFO]: Preparing spawn area: 10%
[10:16:11] [Worker-Main-5/INFO]: Preparing spawn area: 10%
[10:16:12] [Worker-Main-5/INFO]: Preparing spawn area: 12%
[10:16:12] [Worker-Main-5/INFO]: Preparing spawn area: 13%
[10:16:13] [Worker-Main-5/INFO]: Preparing spawn area: 14%
[10:16:13] [Worker-Main-5/INFO]: Preparing spawn area: 15%
[10:16:14] [Worker-Main-5/INFO]: Preparing spawn area: 16%
[10:16:14] [Worker-Main-6/INFO]: Preparing spawn area: 16%
[10:16:15] [Worker-Main-6/INFO]: Preparing spawn area: 18%
[10:16:15] [Worker-Main-6/INFO]: Preparing spawn area: 19%
[10:16:16] [Worker-Main-4/INFO]: Preparing spawn area: 20%
[10:16:16] [Worker-Main-5/INFO]: Preparing spawn area: 22%
[10:16:17] [Worker-Main-5/INFO]: Preparing spawn area: 22%
[10:16:17] [Worker-Main-6/INFO]: Preparing spawn area: 23%
[10:16:18] [Worker-Main-6/INFO]: Preparing spawn area: 24%
[10:16:18] [Worker-Main-6/INFO]: Preparing spawn area: 26%
[10:16:19] [Worker-Main-6/INFO]: Preparing spawn area: 27%
[10:16:19] [Worker-Main-6/INFO]: Preparing spawn area: 28%
[10:16:20] [Worker-Main-4/INFO]: Preparing spawn area: 30%
[10:16:20] [Worker-Main-5/INFO]: Preparing spawn area: 31%
[10:16:21] [Worker-Main-5/INFO]: Preparing spawn area: 32%
[10:16:21] [Worker-Main-5/INFO]: Preparing spawn area: 33%
[10:16:22] [Worker-Main-6/INFO]: Preparing spawn area: 34%
[10:16:22] [Worker-Main-4/INFO]: Preparing spawn area: 36%
[10:16:23] [Worker-Main-5/INFO]: Preparing spawn area: 37%
[10:16:23] [Worker-Main-6/INFO]: Preparing spawn area: 38%
[10:16:24] [Worker-Main-4/INFO]: Preparing spawn area: 40%
[10:16:24] [Worker-Main-5/INFO]: Preparing spawn area: 42%
[10:16:25] [Worker-Main-5/INFO]: Preparing spawn area: 42%
[10:16:25] [Worker-Main-4/INFO]: Preparing spawn area: 42%
[10:16:26] [Worker-Main-4/INFO]: Preparing spawn area: 43%
[10:16:26] [Worker-Main-4/INFO]: Preparing spawn area: 43%
[10:16:27] [Worker-Main-6/INFO]: Preparing spawn area: 45%
[10:16:27] [Worker-Main-5/INFO]: Preparing spawn area: 48%
[10:16:28] [Worker-Main-6/INFO]: Preparing spawn area: 48%
[10:16:28] [Worker-Main-4/INFO]: Preparing spawn area: 50%
[10:16:29] [Worker-Main-4/INFO]: Preparing spawn area: 52%
[10:16:29] [Worker-Main-5/INFO]: Preparing spawn area: 53%
[10:16:30] [Worker-Main-5/INFO]: Preparing spawn area: 54%
[10:16:30] [Worker-Main-5/INFO]: Preparing spawn area: 55%
[10:16:31] [Worker-Main-6/INFO]: Preparing spawn area: 57%
[10:16:31] [Worker-Main-6/INFO]: Preparing spawn area: 58%
[10:16:32] [Worker-Main-4/INFO]: Preparing spawn area: 59%
[10:16:32] [Worker-Main-4/INFO]: Preparing spawn area: 61%
[10:16:33] [Worker-Main-6/INFO]: Preparing spawn area: 63%
[10:16:33] [Worker-Main-4/INFO]: Preparing spawn area: 64%
[10:16:34] [Worker-Main-4/INFO]: Preparing spawn area: 65%
[10:16:34] [Worker-Main-4/INFO]: Preparing spawn area: 66%
[10:16:35] [Worker-Main-6/INFO]: Preparing spawn area: 68%
[10:16:35] [Worker-Main-5/INFO]: Preparing spawn area: 68%
[10:16:36] [Worker-Main-6/INFO]: Preparing spawn area: 69%
[10:16:36] [Worker-Main-4/INFO]: Preparing spawn area: 71%
[10:16:37] [Worker-Main-4/INFO]: Preparing spawn area: 72%
[10:16:37] [Worker-Main-4/INFO]: Preparing spawn area: 73%
[10:16:38] [Worker-Main-4/INFO]: Preparing spawn area: 75%
[10:16:38] [Worker-Main-5/INFO]: Preparing spawn area: 75%
[10:16:39] [Worker-Main-4/INFO]: Preparing spawn area: 77%
[10:16:39] [Worker-Main-6/INFO]: Preparing spawn area: 78%
[10:16:40] [Worker-Main-6/INFO]: Preparing spawn area: 79%
[10:16:40] [Worker-Main-5/INFO]: Preparing spawn area: 81%
[10:16:41] [Worker-Main-4/INFO]: Preparing spawn area: 83%
[10:16:41] [Worker-Main-5/INFO]: Preparing spawn area: 83%
[10:16:42] [Worker-Main-5/INFO]: Preparing spawn area: 85%
[10:16:42] [Worker-Main-6/INFO]: Preparing spawn area: 86%
[10:16:43] [Worker-Main-5/INFO]: Preparing spawn area: 87%
[10:16:43] [Worker-Main-4/INFO]: Preparing spawn area: 88%
[10:16:44] [Worker-Main-6/INFO]: Preparing spawn area: 90%
[10:16:44] [Worker-Main-5/INFO]: Preparing spawn area: 91%
[10:16:45] [Worker-Main-4/INFO]: Preparing spawn area: 92%
[10:16:45] [Worker-Main-4/INFO]: Preparing spawn area: 94%
[10:16:46] [Worker-Main-6/INFO]: Preparing spawn area: 96%
[10:16:46] [Worker-Main-5/INFO]: Preparing spawn area: 97%
[10:16:47] [Server thread/INFO]: Time elapsed: 46452 ms
[10:16:47] [Server thread/INFO]: Done (55.918s)! For help, type "help"
[10:16:48] [Server thread/INFO]: Unknown or incomplete command, see below for error
[10:16:48] [Server thread/INFO]: ls<--[HERE]
[10:16:51] [Server thread/INFO]: There are 0 of a max of 20 players online: 
[10:16:53] [Server thread/INFO]: Stopping the server
[10:16:53] [Server thread/INFO]: Stopping server
[10:16:53] [Server thread/INFO]: Saving players
[10:16:53] [Server thread/INFO]: Saving worlds
[10:16:55] [Server thread/INFO]: Saving chunks for level 'ServerLevel[world]'/minecraft:overworld
[10:16:58] [Server thread/INFO]: Saving chunks for level 'ServerLevel[world]'/minecraft:the_nether
[10:16:58] [Server thread/INFO]: Saving chunks for level 'ServerLevel[world]'/minecraft:the_end
[10:16:58] [Server thread/INFO]: ThreadedAnvilChunkStorage (world): All chunks are saved
[10:16:58] [Server thread/INFO]: ThreadedAnvilChunkStorage (DIM-1): All chunks are saved
[10:16:58] [Server thread/INFO]: ThreadedAnvilChunkStorage (DIM1): All chunks are saved
[10:16:58] [Server thread/INFO]: ThreadedAnvilChunkStorage: All dimensions are saved
